This file contains any messages produced by compilers while
running configure, to aid debugging if configure makes a mistake.

It was created by configure, which was
generated by GNU Autoconf 2.69.  Invocation command line was

  $ ./configure --enable-maintainer-mode

## --------- ##
## Platform. ##
## --------- ##

hostname = compiler-vb1
uname -m = x86_64
uname -r = 4.4.0-31-generic
uname -s = Linux
uname -v = #50-Ubuntu SMP Wed Jul 13 00:07:12 UTC 2016

/usr/bin/uname -p = unknown
/bin/uname -X     = unknown

/bin/arch              = unknown
/usr/bin/arch -k       = unknown
/usr/convex/getsysinfo = unknown
/usr/bin/hostinfo      = unknown
/bin/machine           = unknown
/usr/bin/oslevel       = unknown
/bin/universe          = unknown

PATH: /usr/local/sbin
PATH: /usr/local/bin
PATH: /usr/sbin
PATH: /usr/bin
PATH: /sbin
PATH: /bin
PATH: /snap/bin


## ----------- ##
## Core tests. ##
## ----------- ##

configure:2609: checking for a BSD-compatible install
configure:2677: result: /usr/bin/install -c
configure:2688: checking whether build environment is sane
configure:2743: result: yes
configure:2781: WARNING: 'missing' script is too old or missing
configure:2894: checking for a thread-safe mkdir -p
configure:2933: result: /bin/mkdir -p
configure:2940: checking for gawk
configure:2970: result: no
configure:2940: checking for mawk
configure:2956: found /usr/bin/mawk
configure:2967: result: mawk
configure:2978: checking whether make sets $(MAKE)
configure:3000: result: yes
configure:3029: checking whether make supports nested variables
configure:3046: result: yes
configure:3168: checking whether to enable maintainer-specific portions of Makefiles
configure:3177: result: yes
configure:3250: checking build system type
configure:3264: result: x86_64-unknown-linux-gnu
configure:3284: checking host system type
configure:3297: result: x86_64-unknown-linux-gnu
configure:3338: checking how to print strings
configure:3365: result: printf
configure:3398: checking for style of include used by make
configure:3426: result: GNU
configure:3497: checking for gcc
configure:3513: found /usr/bin/gcc
configure:3524: result: gcc
configure:3753: checking for C compiler version
configure:3762: gcc --version >&5
gcc (Ubuntu 5.3.1-14ubuntu2.1) 5.3.1 20160413
Copyright (C) 2015 Free Software Foundation, Inc.
This is free software; see the source for copying conditions.  There is NO
warranty; not even for MERCHANTABILITY or FITNESS FOR A PARTICULAR PURPOSE.

configure:3773: $? = 0
configure:3762: gcc -v >&5
Using built-in specs.
COLLECT_GCC=gcc
COLLECT_LTO_WRAPPER=/usr/lib/gcc/x86_64-linux-gnu/5/lto-wrapper
Target: x86_64-linux-gnu
Configured with: ../src/configure -v --with-pkgversion='Ubuntu 5.3.1-14ubuntu2.1' --with-bugurl=file:///usr/share/doc/gcc-5/README.Bugs --enable-languages=c,ada,c++,java,go,d,fortran,objc,obj-c++ --prefix=/usr --program-suffix=-5 --enable-shared --enable-linker-build-id --libexecdir=/usr/lib --without-included-gettext --enable-threads=posix --libdir=/usr/lib --enable-nls --with-sysroot=/ --enable-clocale=gnu --enable-libstdcxx-debug --enable-libstdcxx-time=yes --with-default-libstdcxx-abi=new --enable-gnu-unique-object --disable-vtable-verify --enable-libmpx --enable-plugin --with-system-zlib --disable-browser-plugin --enable-java-awt=gtk --enable-gtk-cairo --with-java-home=/usr/lib/jvm/java-1.5.0-gcj-5-amd64/jre --enable-java-home --with-jvm-root-dir=/usr/lib/jvm/java-1.5.0-gcj-5-amd64 --with-jvm-jar-dir=/usr/lib/jvm-exports/java-1.5.0-gcj-5-amd64 --with-arch-directory=amd64 --with-ecj-jar=/usr/share/java/eclipse-ecj.jar --enable-objc-gc --enable-multiarch --disable-werror --with-arch-32=i686 --with-abi=m64 --with-multilib-list=m32,m64,mx32 --enable-multilib --with-tune=generic --enable-checking=release --build=x86_64-linux-gnu --host=x86_64-linux-gnu --target=x86_64-linux-gnu
Thread model: posix
gcc version 5.3.1 20160413 (Ubuntu 5.3.1-14ubuntu2.1) 
configure:3773: $? = 0
configure:3762: gcc -V >&5
gcc: error: unrecognized command line option '-V'
gcc: fatal error: no input files
compilation terminated.
configure:3773: $? = 1
configure:3762: gcc -qversion >&5
gcc: error: unrecognized command line option '-qversion'
gcc: fatal error: no input files
compilation terminated.
configure:3773: $? = 1
configure:3793: checking whether the C compiler works
configure:3815: gcc    conftest.c  >&5
configure:3819: $? = 0
configure:3867: result: yes
configure:3870: checking for C compiler default output file name
configure:3872: result: a.out
configure:3878: checking for suffix of executables
configure:3885: gcc -o conftest    conftest.c  >&5
configure:3889: $? = 0
configure:3911: result: 
configure:3933: checking whether we are cross compiling
configure:3941: gcc -o conftest    conftest.c  >&5
configure:3945: $? = 0
configure:3952: ./conftest
configure:3956: $? = 0
configure:3971: result: no
configure:3976: checking for suffix of object files
configure:3998: gcc -c   conftest.c >&5
configure:4002: $? = 0
configure:4023: result: o
configure:4027: checking whether we are using the GNU C compiler
configure:4046: gcc -c   conftest.c >&5
configure:4046: $? = 0
configure:4055: result: yes
configure:4064: checking whether gcc accepts -g
configure:4084: gcc -c -g  conftest.c >&5
configure:4084: $? = 0
configure:4125: result: yes
configure:4142: checking for gcc option to accept ISO C89
configure:4205: gcc  -c -g -O2  conftest.c >&5
configure:4205: $? = 0
configure:4218: result: none needed
configure:4243: checking whether gcc understands -c and -o together
configure:4265: gcc -c conftest.c -o conftest2.o
configure:4268: $? = 0
configure:4265: gcc -c conftest.c -o conftest2.o
configure:4268: $? = 0
configure:4280: result: yes
configure:4299: checking dependency style of gcc
configure:4410: result: gcc3
configure:4425: checking for a sed that does not truncate output
configure:4489: result: /bin/sed
configure:4507: checking for grep that handles long lines and -e
configure:4565: result: /bin/grep
configure:4570: checking for egrep
configure:4632: result: /bin/grep -E
configure:4637: checking for fgrep
configure:4699: result: /bin/grep -F
configure:4734: checking for ld used by gcc
configure:4801: result: /usr/bin/ld
configure:4808: checking if the linker (/usr/bin/ld) is GNU ld
configure:4823: result: yes
configure:4835: checking for BSD- or MS-compatible name lister (nm)
configure:4889: result: /usr/bin/nm -B
configure:5019: checking the name lister (/usr/bin/nm -B) interface
configure:5026: gcc -c -g -O2  conftest.c >&5
configure:5029: /usr/bin/nm -B "conftest.o"
configure:5032: output
0000000000000000 B some_variable
configure:5039: result: BSD nm
configure:5042: checking whether ln -s works
configure:5046: result: yes
configure:5054: checking the maximum length of command line arguments
configure:5185: result: 1572864
configure:5233: checking how to convert x86_64-unknown-linux-gnu file names to x86_64-unknown-linux-gnu format
configure:5273: result: func_convert_file_noop
configure:5280: checking how to convert x86_64-unknown-linux-gnu file names to toolchain format
configure:5300: result: func_convert_file_noop
configure:5307: checking for /usr/bin/ld option to reload object files
configure:5314: result: -r
configure:5388: checking for objdump
configure:5404: found /usr/bin/objdump
configure:5415: result: objdump
configure:5447: checking how to recognize dependent libraries
configure:5647: result: pass_all
configure:5732: checking for dlltool
configure:5762: result: no
configure:5792: checking how to associate runtime and link libraries
configure:5819: result: printf %s\n
configure:5880: checking for ar
configure:5896: found /usr/bin/ar
configure:5907: result: ar
configure:5944: checking for archiver @FILE support
configure:5961: gcc -c -g -O2  conftest.c >&5
configure:5961: $? = 0
configure:5964: ar cru libconftest.a @conftest.lst >&5
ar: `u' modifier ignored since `D' is the default (see `U')
configure:5967: $? = 0
configure:5972: ar cru libconftest.a @conftest.lst >&5
ar: `u' modifier ignored since `D' is the default (see `U')
ar: conftest.o: No such file or directory
configure:5975: $? = 1
configure:5987: result: @
configure:6045: checking for strip
configure:6061: found /usr/bin/strip
configure:6072: result: strip
configure:6144: checking for ranlib
configure:6160: found /usr/bin/ranlib
configure:6171: result: ranlib
configure:6273: checking command to parse /usr/bin/nm -B output from gcc object
configure:6426: gcc -c -g -O2  conftest.c >&5
configure:6429: $? = 0
configure:6433: /usr/bin/nm -B conftest.o \| sed -n -e 's/^.*[ ]\([ABCDGIRSTW][ABCDGIRSTW]*\)[ ][ ]*\([_A-Za-z][_A-Za-z0-9]*\)$/\1 \2 \2/p' | sed '/ __gnu_lto/d' \> conftest.nm
configure:6436: $? = 0
configure:6502: gcc -o conftest -g -O2   conftest.c conftstm.o >&5
configure:6505: $? = 0
configure:6543: result: ok
configure:6590: checking for sysroot
configure:6620: result: no
configure:6627: checking for a working dd
configure:6665: result: /bin/dd
configure:6669: checking how to truncate binary pipes
configure:6684: result: /bin/dd bs=4096 count=1
configure:6820: gcc -c -g -O2  conftest.c >&5
configure:6823: $? = 0
configure:7013: checking for mt
configure:7029: found /bin/mt
configure:7040: result: mt
configure:7063: checking if mt is a manifest tool
configure:7069: mt '-?'
configure:7077: result: no
configure:7754: checking how to run the C preprocessor
configure:7785: gcc -E  conftest.c
configure:7785: $? = 0
configure:7799: gcc -E  conftest.c
conftest.c:10:28: fatal error: ac_nonexistent.h: No such file or directory
compilation terminated.
configure:7799: $? = 1
configure: failed program was:
| /* confdefs.h */
| #define PACKAGE_NAME ""
| #define PACKAGE_TARNAME ""
| #define PACKAGE_VERSION ""
| #define PACKAGE_STRING ""
| #define PACKAGE_BUGREPORT ""
| #define PACKAGE_URL ""
| #define FUSIONSOUND_VERSION "1.1.1"
| /* end confdefs.h.  */
| #include <ac_nonexistent.h>
configure:7824: result: gcc -E
configure:7844: gcc -E  conftest.c
configure:7844: $? = 0
configure:7858: gcc -E  conftest.c
conftest.c:10:28: fatal error: ac_nonexistent.h: No such file or directory
compilation terminated.
configure:7858: $? = 1
configure: failed program was:
| /* confdefs.h */
| #define PACKAGE_NAME ""
| #define PACKAGE_TARNAME ""
| #define PACKAGE_VERSION ""
| #define PACKAGE_STRING ""
| #define PACKAGE_BUGREPORT ""
| #define PACKAGE_URL ""
| #define FUSIONSOUND_VERSION "1.1.1"
| /* end confdefs.h.  */
| #include <ac_nonexistent.h>
configure:7887: checking for ANSI C header files
configure:7907: gcc -c -g -O2  conftest.c >&5
configure:7907: $? = 0
configure:7980: gcc -o conftest -g -O2   conftest.c  >&5
configure:7980: $? = 0
configure:7980: ./conftest
configure:7980: $? = 0
configure:7991: result: yes
configure:8004: checking for sys/types.h
configure:8004: gcc -c -g -O2  conftest.c >&5
configure:8004: $? = 0
configure:8004: result: yes
configure:8004: checking for sys/stat.h
configure:8004: gcc -c -g -O2  conftest.c >&5
configure:8004: $? = 0
configure:8004: result: yes
configure:8004: checking for stdlib.h
configure:8004: gcc -c -g -O2  conftest.c >&5
configure:8004: $? = 0
configure:8004: result: yes
configure:8004: checking for string.h
configure:8004: gcc -c -g -O2  conftest.c >&5
configure:8004: $? = 0
configure:8004: result: yes
configure:8004: checking for memory.h
configure:8004: gcc -c -g -O2  conftest.c >&5
configure:8004: $? = 0
configure:8004: result: yes
configure:8004: checking for strings.h
configure:8004: gcc -c -g -O2  conftest.c >&5
configure:8004: $? = 0
configure:8004: result: yes
configure:8004: checking for inttypes.h
configure:8004: gcc -c -g -O2  conftest.c >&5
configure:8004: $? = 0
configure:8004: result: yes
configure:8004: checking for stdint.h
configure:8004: gcc -c -g -O2  conftest.c >&5
configure:8004: $? = 0
configure:8004: result: yes
configure:8004: checking for unistd.h
configure:8004: gcc -c -g -O2  conftest.c >&5
configure:8004: $? = 0
configure:8004: result: yes
configure:8018: checking for dlfcn.h
configure:8018: gcc -c -g -O2  conftest.c >&5
configure:8018: $? = 0
configure:8018: result: yes
configure:8244: checking for objdir
configure:8259: result: .libs
configure:8523: checking if gcc supports -fno-rtti -fno-exceptions
configure:8541: gcc -c -g -O2  -fno-rtti -fno-exceptions conftest.c >&5
cc1: warning: command line option '-fno-rtti' is valid for C++/ObjC++ but not for C
configure:8545: $? = 0
configure:8558: result: no
configure:8916: checking for gcc option to produce PIC
configure:8923: result: -fPIC -DPIC
configure:8931: checking if gcc PIC flag -fPIC -DPIC works
configure:8949: gcc -c -g -O2  -fPIC -DPIC -DPIC conftest.c >&5
configure:8953: $? = 0
configure:8966: result: yes
configure:8995: checking if gcc static flag -static works
configure:9023: result: yes
configure:9038: checking if gcc supports -c -o file.o
configure:9059: gcc -c -g -O2  -o out/conftest2.o conftest.c >&5
configure:9063: $? = 0
configure:9085: result: yes
configure:9093: checking if gcc supports -c -o file.o
configure:9140: result: yes
configure:9173: checking whether the gcc linker (/usr/bin/ld -m elf_x86_64) supports shared libraries
configure:10436: result: yes
configure:10473: checking whether -lc should be explicitly linked in
configure:10481: gcc -c -g -O2  conftest.c >&5
configure:10484: $? = 0
configure:10499: gcc -shared  -fPIC -DPIC conftest.o  -v -Wl,-soname -Wl,conftest -o conftest 2\>\&1 \| /bin/grep  -lc  \>/dev/null 2\>\&1
configure:10502: $? = 0
configure:10516: result: no
configure:10676: checking dynamic linker characteristics
configure:11257: gcc -o conftest -g -O2   -Wl,-rpath -Wl,/foo conftest.c  >&5
configure:11257: $? = 0
configure:11506: result: GNU/Linux ld.so
configure:11628: checking how to hardcode library paths into programs
configure:11653: result: immediate
configure:12201: checking whether stripping libraries is possible
configure:12206: result: yes
configure:12241: checking if libtool supports shared libraries
configure:12243: result: yes
configure:12246: checking whether to build shared libraries
configure:12271: result: yes
configure:12274: checking whether to build static libraries
configure:12278: result: no
configure:12315: checking whether build environment is sane
configure:12370: result: yes
configure:12382: checking for library containing strerror
configure:12413: gcc -o conftest -g -O2   conftest.c  >&5
configure:12413: $? = 0
configure:12430: result: none required
configure:12486: checking for gcc
configure:12513: result: gcc
configure:12742: checking for C compiler version
configure:12751: gcc --version >&5
gcc (Ubuntu 5.3.1-14ubuntu2.1) 5.3.1 20160413
Copyright (C) 2015 Free Software Foundation, Inc.
This is free software; see the source for copying conditions.  There is NO
warranty; not even for MERCHANTABILITY or FITNESS FOR A PARTICULAR PURPOSE.

configure:12762: $? = 0
configure:12751: gcc -v >&5
Using built-in specs.
COLLECT_GCC=gcc
COLLECT_LTO_WRAPPER=/usr/lib/gcc/x86_64-linux-gnu/5/lto-wrapper
Target: x86_64-linux-gnu
Configured with: ../src/configure -v --with-pkgversion='Ubuntu 5.3.1-14ubuntu2.1' --with-bugurl=file:///usr/share/doc/gcc-5/README.Bugs --enable-languages=c,ada,c++,java,go,d,fortran,objc,obj-c++ --prefix=/usr --program-suffix=-5 --enable-shared --enable-linker-build-id --libexecdir=/usr/lib --without-included-gettext --enable-threads=posix --libdir=/usr/lib --enable-nls --with-sysroot=/ --enable-clocale=gnu --enable-libstdcxx-debug --enable-libstdcxx-time=yes --with-default-libstdcxx-abi=new --enable-gnu-unique-object --disable-vtable-verify --enable-libmpx --enable-plugin --with-system-zlib --disable-browser-plugin --enable-java-awt=gtk --enable-gtk-cairo --with-java-home=/usr/lib/jvm/java-1.5.0-gcj-5-amd64/jre --enable-java-home --with-jvm-root-dir=/usr/lib/jvm/java-1.5.0-gcj-5-amd64 --with-jvm-jar-dir=/usr/lib/jvm-exports/java-1.5.0-gcj-5-amd64 --with-arch-directory=amd64 --with-ecj-jar=/usr/share/java/eclipse-ecj.jar --enable-objc-gc --enable-multiarch --disable-werror --with-arch-32=i686 --with-abi=m64 --with-multilib-list=m32,m64,mx32 --enable-multilib --with-tune=generic --enable-checking=release --build=x86_64-linux-gnu --host=x86_64-linux-gnu --target=x86_64-linux-gnu
Thread model: posix
gcc version 5.3.1 20160413 (Ubuntu 5.3.1-14ubuntu2.1) 
configure:12762: $? = 0
configure:12751: gcc -V >&5
gcc: error: unrecognized command line option '-V'
gcc: fatal error: no input files
compilation terminated.
configure:12762: $? = 1
configure:12751: gcc -qversion >&5
gcc: error: unrecognized command line option '-qversion'
gcc: fatal error: no input files
compilation terminated.
configure:12762: $? = 1
configure:12766: checking whether we are using the GNU C compiler
configure:12794: result: yes
configure:12803: checking whether gcc accepts -g
configure:12864: result: yes
configure:12881: checking for gcc option to accept ISO C89
configure:12957: result: none needed
configure:12982: checking whether gcc understands -c and -o together
configure:13019: result: yes
configure:13038: checking dependency style of gcc
configure:13149: result: gcc3
configure:13167: checking whether make sets $(MAKE)
configure:13189: result: yes
configure:13198: checking for ANSI C header files
configure:13302: result: yes
configure:13310: checking whether byte ordering is bigendian
configure:13325: gcc -c -g -O2  conftest.c >&5
conftest.c:24:9: error: unknown type name 'not'
         not a universal capable compiler
         ^
conftest.c:24:15: error: expected '=', ',', ';', 'asm' or '__attribute__' before 'universal'
         not a universal capable compiler
               ^
conftest.c:24:15: error: unknown type name 'universal'
configure:13325: $? = 1
configure: failed program was:
| /* confdefs.h */
| #define PACKAGE_NAME ""
| #define PACKAGE_TARNAME ""
| #define PACKAGE_VERSION ""
| #define PACKAGE_STRING ""
| #define PACKAGE_BUGREPORT ""
| #define PACKAGE_URL ""
| #define FUSIONSOUND_VERSION "1.1.1"
| #define STDC_HEADERS 1
| #define HAVE_SYS_TYPES_H 1
| #define HAVE_SYS_STAT_H 1
| #define HAVE_STDLIB_H 1
| #define HAVE_STRING_H 1
| #define HAVE_MEMORY_H 1
| #define HAVE_STRINGS_H 1
| #define HAVE_INTTYPES_H 1
| #define HAVE_STDINT_H 1
| #define HAVE_UNISTD_H 1
| #define HAVE_DLFCN_H 1
| #define LT_OBJDIR ".libs/"
| #define STDC_HEADERS 1
| /* end confdefs.h.  */
| #ifndef __APPLE_CC__
| 	       not a universal capable compiler
| 	     #endif
| 	     typedef int dummy;
| 
configure:13370: gcc -c -g -O2  conftest.c >&5
configure:13370: $? = 0
configure:13388: gcc -c -g -O2  conftest.c >&5
conftest.c: In function 'main':
conftest.c:30:4: error: unknown type name 'not'
    not big endian
    ^
conftest.c:30:12: error: expected '=', ',', ';', 'asm' or '__attribute__' before 'endian'
    not big endian
            ^
configure:13388: $? = 1
configure: failed program was:
| /* confdefs.h */
| #define PACKAGE_NAME ""
| #define PACKAGE_TARNAME ""
| #define PACKAGE_VERSION ""
| #define PACKAGE_STRING ""
| #define PACKAGE_BUGREPORT ""
| #define PACKAGE_URL ""
| #define FUSIONSOUND_VERSION "1.1.1"
| #define STDC_HEADERS 1
| #define HAVE_SYS_TYPES_H 1
| #define HAVE_SYS_STAT_H 1
| #define HAVE_STDLIB_H 1
| #define HAVE_STRING_H 1
| #define HAVE_MEMORY_H 1
| #define HAVE_STRINGS_H 1
| #define HAVE_INTTYPES_H 1
| #define HAVE_STDINT_H 1
| #define HAVE_UNISTD_H 1
| #define HAVE_DLFCN_H 1
| #define LT_OBJDIR ".libs/"
| #define STDC_HEADERS 1
| /* end confdefs.h.  */
| #include <sys/types.h>
| 		#include <sys/param.h>
| 
| int
| main ()
| {
| #if BYTE_ORDER != BIG_ENDIAN
| 		 not big endian
| 		#endif
| 
|   ;
|   return 0;
| }
configure:13516: result: no
configure:13539: checking how to run the C preprocessor
configure:13609: result: gcc -E
configure:13629: gcc -E  conftest.c
configure:13629: $? = 0
configure:13643: gcc -E  conftest.c
conftest.c:23:28: fatal error: ac_nonexistent.h: No such file or directory
compilation terminated.
configure:13643: $? = 1
configure: failed program was:
| /* confdefs.h */
| #define PACKAGE_NAME ""
| #define PACKAGE_TARNAME ""
| #define PACKAGE_VERSION ""
| #define PACKAGE_STRING ""
| #define PACKAGE_BUGREPORT ""
| #define PACKAGE_URL ""
| #define FUSIONSOUND_VERSION "1.1.1"
| #define STDC_HEADERS 1
| #define HAVE_SYS_TYPES_H 1
| #define HAVE_SYS_STAT_H 1
| #define HAVE_STDLIB_H 1
| #define HAVE_STRING_H 1
| #define HAVE_MEMORY_H 1
| #define HAVE_STRINGS_H 1
| #define HAVE_INTTYPES_H 1
| #define HAVE_STDINT_H 1
| #define HAVE_UNISTD_H 1
| #define HAVE_DLFCN_H 1
| #define LT_OBJDIR ".libs/"
| #define STDC_HEADERS 1
| /* end confdefs.h.  */
| #include <ac_nonexistent.h>
configure:13676: checking size of long
configure:13681: gcc -o conftest -g -O2   conftest.c  >&5
configure:13681: $? = 0
configure:13681: ./conftest
configure:13681: $? = 0
configure:13695: result: 8
configure:13708: checking stdbool.h usability
configure:13708: gcc -c -g -O2  conftest.c >&5
configure:13708: $? = 0
configure:13708: result: yes
configure:13708: checking stdbool.h presence
configure:13708: gcc -E  conftest.c
configure:13708: $? = 0
configure:13708: result: yes
configure:13708: checking for stdbool.h
configure:13708: result: yes
configure:13780: checking for pthread_mutex_timedlock in -lpthread
configure:13805: gcc -o conftest -O3 -ffast-math -pipe  -D_GNU_SOURCE   conftest.c -lpthread   >&5
configure:13805: $? = 0
configure:13814: result: yes
configure:13935: checking for pkg-config
configure:13953: found /usr/bin/pkg-config
configure:13966: result: /usr/bin/pkg-config
configure:13988: checking for libdirect
configure:13992: result: found (moduledir = ${exec_prefix}/lib/directfb-1.4-5)
configure:14004: checking for libfusion
configure:14009: result: found
configure:14030: checking for LiTE
configure:14041: WARNING:
*** LiTE 0.0.1 or newer is required for some examples, they've been disabled now. 
configure:14070: checking for libvoodoo
configure:14079: WARNING:
*** Voodoo 1.1.0 or newer not found, disabling dependent parts. 
configure:14106: checking which drivers should be built
configure:14143: result: all
configure:14147: checking sys/soundcard.h usability
configure:14147: gcc -c -Wall -O3 -ffast-math -pipe  -D_GNU_SOURCE  conftest.c >&5
configure:14147: $? = 0
configure:14147: result: yes
configure:14147: checking sys/soundcard.h presence
configure:14147: gcc -E -D_GNU_SOURCE  conftest.c
configure:14147: $? = 0
configure:14147: result: yes
configure:14147: checking for sys/soundcard.h
configure:14147: result: yes
configure:14160: checking for alsa >= 0.9
configure:14169: result: no
configure:14263: checking for libtimidity >= 0.1.0
configure:14272: result: no
configure:14275: WARNING:
*** libtimidity is required - Timidity music provider will not be built.
configure:14400: checking for vorbisfile >= 1.0.0
configure:14410: result: no
configure:14413: WARNING:
*** vorbisfile 1.0.0 or newer is required - Ogg/Vorbis music provider will not be built.
configure:14446: checking for mad_timer_add in -lmad
configure:14471: gcc -o conftest -Wall -O3 -ffast-math -pipe  -D_GNU_SOURCE   conftest.c -lmad   >&5
/usr/bin/ld: cannot find -lmad
collect2: error: ld returned 1 exit status
configure:14471: $? = 1
configure: failed program was:
| /* confdefs.h */
| #define PACKAGE_NAME ""
| #define PACKAGE_TARNAME ""
| #define PACKAGE_VERSION ""
| #define PACKAGE_STRING ""
| #define PACKAGE_BUGREPORT ""
| #define PACKAGE_URL ""
| #define FUSIONSOUND_VERSION "1.1.1"
| #define STDC_HEADERS 1
| #define HAVE_SYS_TYPES_H 1
| #define HAVE_SYS_STAT_H 1
| #define HAVE_STDLIB_H 1
| #define HAVE_STRING_H 1
| #define HAVE_MEMORY_H 1
| #define HAVE_STRINGS_H 1
| #define HAVE_INTTYPES_H 1
| #define HAVE_STDINT_H 1
| #define HAVE_UNISTD_H 1
| #define HAVE_DLFCN_H 1
| #define LT_OBJDIR ".libs/"
| #define STDC_HEADERS 1
| #define SIZEOF_LONG 8
| #define HAVE_STDBOOL_H 1
| #define ARCH_X86_64 1
| #define HAVE_PTHREAD_MUTEX_TIMEDLOCK 1
| #define FS_ENABLE_PRECISION 1
| #define FS_ENABLE_LINEAR_FILTER 1
| /* end confdefs.h.  */
| 
| /* Override any GCC internal prototype to avoid an error.
|    Use char because int might match the return type of a GCC
|    builtin and then its argument prototype would still apply.  */
| #ifdef __cplusplus
| extern "C"
| #endif
| char mad_timer_add ();
| int
| main ()
| {
| return mad_timer_add ();
|   ;
|   return 0;
| }
configure:14480: result: no
configure:14507: WARNING:
*** MAD library not found - MAD music provider will not be built.
configure:14547: WARNING:
*** libcddb 1.0.0 or newer not found - CD-DA Music Provider will be built without CDDB support.
configure:14579: checking for libavcodec/libavformat
configure:14588: result: no
configure:14591: WARNING:
*** libavcodec/libavformat are required - FFmpeg music provider will not be built.
configure:14798: checking that generated files are newer than configure
configure:14804: result: done
configure:14826: checking that generated files are newer than configure
configure:14832: result: done
configure:14908: creating ./config.status

## ---------------------- ##
## Running config.status. ##
## ---------------------- ##

This file was extended by config.status, which was
generated by GNU Autoconf 2.69.  Invocation command line was

  CONFIG_FILES    = 
  CONFIG_HEADERS  = 
  CONFIG_LINKS    = 
  CONFIG_COMMANDS = 
  $ ./config.status 

on compiler-vb1

config.status:1179: creating fusionsound.pc
config.status:1179: creating fusionsound-internal.pc
config.status:1179: creating Makefile
config.status:1179: creating docs/Makefile
config.status:1179: creating docs/fusionsoundrc.5
config.status:1179: creating docs/html/Makefile
config.status:1179: creating drivers/Makefile
config.status:1179: creating examples/Makefile
config.status:1179: creating include/Makefile
config.status:1179: creating include/fusionsound_limits.h
config.status:1179: creating include/fusionsound_version.h
config.status:1179: creating interfaces/Makefile
config.status:1179: creating interfaces/IFusionSound/Makefile
config.status:1179: creating interfaces/IFusionSoundMusicProvider/Makefile
config.status:1179: creating proxy/Makefile
config.status:1179: creating proxy/compressor/Makefile
config.status:1179: creating proxy/dispatcher/Makefile
config.status:1179: creating proxy/requestor/Makefile
config.status:1179: creating src/Makefile
config.status:1179: creating src/core/Makefile
config.status:1179: creating src/media/Makefile
config.status:1179: creating src/misc/Makefile
config.status:1179: creating tools/Makefile
config.status:1179: creating config.h
config.status:1360: config.h is unchanged
config.status:1408: executing depfiles commands
config.status:1408: executing libtool commands
configure:17110: result:
Build options:
  Version                   1.1.1
  Install prefix            /usr/local
  Config files in           /usr/local/etc
  Build shared libs         yes
  Build static libs         no
  Build Module              yes
  Build Voodoo Sound        no
  Build Examples            yes
  Build Tools               yes
  Module directory          ${exec_prefix}/lib/directfb-1.4-5
  CPPFLAGS                  -D_GNU_SOURCE 
  CFLAGS                    -Wall -O3 -ffast-math -pipe  -Werror-implicit-function-declaration
  FUSION_CFLAGS             -D_REENTRANT -I/usr/local/include/directfb
  FUSION_LIBS               -L/usr/local/lib -lfusion -ldirect -lpthread

Misc options:
  IEEE floats:              no
  Precision:                yes
  Linear filter:            yes
  Multichannel:             yes

Building Drivers:
  OSS                       yes
  ALSA                      no
  WAVE                      yes

Building Music Providers:
  Timidity                  
  Wave                      yes
  Ogg/Vorbis                no
  MAD                       no
  CD-DA                     yes
  FFmpeg                    no
  Playlist                  yes


## ---------------- ##
## Cache variables. ##
## ---------------- ##

ac_cv_build=x86_64-unknown-linux-gnu
ac_cv_c_bigendian=no
ac_cv_c_compiler_gnu=yes
ac_cv_env_CC_set=
ac_cv_env_CC_value=
ac_cv_env_CFLAGS_set=
ac_cv_env_CFLAGS_value=
ac_cv_env_CPPFLAGS_set=
ac_cv_env_CPPFLAGS_value=
ac_cv_env_CPP_set=
ac_cv_env_CPP_value=
ac_cv_env_LDFLAGS_set=
ac_cv_env_LDFLAGS_value=
ac_cv_env_LIBS_set=
ac_cv_env_LIBS_value=
ac_cv_env_LT_SYS_LIBRARY_PATH_set=
ac_cv_env_LT_SYS_LIBRARY_PATH_value=
ac_cv_env_build_alias_set=
ac_cv_env_build_alias_value=
ac_cv_env_host_alias_set=
ac_cv_env_host_alias_value=
ac_cv_env_target_alias_set=
ac_cv_env_target_alias_value=
ac_cv_header_dlfcn_h=yes
ac_cv_header_inttypes_h=yes
ac_cv_header_memory_h=yes
ac_cv_header_stdbool_h=yes
ac_cv_header_stdc=yes
ac_cv_header_stdint_h=yes
ac_cv_header_stdlib_h=yes
ac_cv_header_string_h=yes
ac_cv_header_strings_h=yes
ac_cv_header_sys_soundcard_h=yes
ac_cv_header_sys_stat_h=yes
ac_cv_header_sys_types_h=yes
ac_cv_header_unistd_h=yes
ac_cv_host=x86_64-unknown-linux-gnu
ac_cv_lib_mad_mad_timer_add=no
ac_cv_lib_pthread_pthread_mutex_timedlock=yes
ac_cv_objext=o
ac_cv_path_EGREP='/bin/grep -E'
ac_cv_path_FGREP='/bin/grep -F'
ac_cv_path_GREP=/bin/grep
ac_cv_path_PKG_CONFIG=/usr/bin/pkg-config
ac_cv_path_SED=/bin/sed
ac_cv_path_install='/usr/bin/install -c'
ac_cv_path_lt_DD=/bin/dd
ac_cv_path_mkdir=/bin/mkdir
ac_cv_prog_AWK=mawk
ac_cv_prog_CPP='gcc -E'
ac_cv_prog_ac_ct_AR=ar
ac_cv_prog_ac_ct_CC=gcc
ac_cv_prog_ac_ct_MANIFEST_TOOL=mt
ac_cv_prog_ac_ct_OBJDUMP=objdump
ac_cv_prog_ac_ct_RANLIB=ranlib
ac_cv_prog_ac_ct_STRIP=strip
ac_cv_prog_cc_c89=
ac_cv_prog_cc_g=yes
ac_cv_prog_make_make_set=yes
ac_cv_search_strerror='none required'
ac_cv_sizeof_long=8
am_cv_CC_dependencies_compiler_type=gcc3
am_cv_make_support_nested_variables=yes
am_cv_prog_cc_c_o=yes
am_cv_prog_cc_stdc=
lt_cv_ar_at_file=@
lt_cv_archive_cmds_need_lc=no
lt_cv_deplibs_check_method=pass_all
lt_cv_file_magic_cmd='$MAGIC_CMD'
lt_cv_file_magic_test_file=
lt_cv_ld_reload_flag=-r
lt_cv_nm_interface='BSD nm'
lt_cv_objdir=.libs
lt_cv_path_LD=/usr/bin/ld
lt_cv_path_NM='/usr/bin/nm -B'
lt_cv_path_mainfest_tool=no
lt_cv_prog_compiler_c_o=yes
lt_cv_prog_compiler_pic='-fPIC -DPIC'
lt_cv_prog_compiler_pic_works=yes
lt_cv_prog_compiler_rtti_exceptions=no
lt_cv_prog_compiler_static_works=yes
lt_cv_prog_gnu_ld=yes
lt_cv_sharedlib_from_linklib_cmd='printf %s\n'
lt_cv_shlibpath_overrides_runpath=no
lt_cv_sys_global_symbol_pipe='sed -n -e '\''s/^.*[	 ]\([ABCDGIRSTW][ABCDGIRSTW]*\)[	 ][	 ]*\([_A-Za-z][_A-Za-z0-9]*\)$/\1 \2 \2/p'\'' | sed '\''/ __gnu_lto/d'\'''
lt_cv_sys_global_symbol_to_c_name_address='sed -n -e '\''s/^: \(.*\) .*$/  {"\1", (void *) 0},/p'\'' -e '\''s/^[ABCDGIRSTW][ABCDGIRSTW]* .* \(.*\)$/  {"\1", (void *) \&\1},/p'\'''
lt_cv_sys_global_symbol_to_c_name_address_lib_prefix='sed -n -e '\''s/^: \(.*\) .*$/  {"\1", (void *) 0},/p'\'' -e '\''s/^[ABCDGIRSTW][ABCDGIRSTW]* .* \(lib.*\)$/  {"\1", (void *) \&\1},/p'\'' -e '\''s/^[ABCDGIRSTW][ABCDGIRSTW]* .* \(.*\)$/  {"lib\1", (void *) \&\1},/p'\'''
lt_cv_sys_global_symbol_to_cdecl='sed -n -e '\''s/^T .* \(.*\)$/extern int \1();/p'\'' -e '\''s/^[ABCDGIRSTW][ABCDGIRSTW]* .* \(.*\)$/extern char \1;/p'\'''
lt_cv_sys_global_symbol_to_import=
lt_cv_sys_max_cmd_len=1572864
lt_cv_to_host_file_cmd=func_convert_file_noop
lt_cv_to_tool_file_cmd=func_convert_file_noop
lt_cv_truncate_bin='/bin/dd bs=4096 count=1'

## ----------------- ##
## Output variables. ##
## ----------------- ##

ACLOCAL='aclocal-1.15 '
ALSA_CFLAGS=''
ALSA_LIBS=''
AMDEPBACKSLASH='\'
AMDEP_FALSE='#'
AMDEP_TRUE=''
AMTAR='$${TAR-tar}'
AM_BACKSLASH='\'
AM_DEFAULT_V='$(AM_DEFAULT_VERBOSITY)'
AM_DEFAULT_VERBOSITY='1'
AM_V='$(V)'
AR='ar'
AUTOCONF='autoconf'
AUTOHEADER='autoheader'
AUTOMAKE='automake-1.15'
AWK='mawk'
BUILD_ALSA_FALSE=''
BUILD_ALSA_TRUE='#'
BUILD_CDDA_FALSE='#'
BUILD_CDDA_TRUE=''
BUILD_EXAMPLES_FALSE='#'
BUILD_EXAMPLES_TRUE=''
BUILD_FFMPEG_FALSE=''
BUILD_FFMPEG_TRUE='#'
BUILD_MAD_FALSE=''
BUILD_MAD_TRUE='#'
BUILD_MODULE_FALSE='#'
BUILD_MODULE_TRUE=''
BUILD_OSS_FALSE='#'
BUILD_OSS_TRUE=''
BUILD_PLAYLIST_FALSE='#'
BUILD_PLAYLIST_TRUE=''
BUILD_PROXY_FALSE=''
BUILD_PROXY_TRUE='#'
BUILD_STATIC_FALSE=''
BUILD_STATIC_TRUE='#'
BUILD_TIMIDITY_FALSE=''
BUILD_TIMIDITY_TRUE='#'
BUILD_TOOLS_FALSE='#'
BUILD_TOOLS_TRUE=''
BUILD_VORBIS_FALSE=''
BUILD_VORBIS_TRUE='#'
BUILD_WAVE_FALSE='#'
BUILD_WAVE_TRUE=''
CC='gcc'
CCDEPMODE='depmode=gcc3'
CDDB_CFLAGS=''
CDDB_LIBS=''
CFLAGS='-Wall -O3 -ffast-math -pipe  -Werror-implicit-function-declaration'
CPP='gcc -E'
CPPFLAGS='-D_GNU_SOURCE '
CYGPATH_W='echo'
DATADIR='${datarootdir}/fusionsound'
DEFS='-DHAVE_CONFIG_H'
DEPDIR='.deps'
DLLTOOL='false'
DSYMUTIL=''
DUMPBIN=''
ECHO_C=''
ECHO_N='-n'
ECHO_T=''
EGREP='/bin/grep -E'
EXEEXT=''
FFMPEG_CFLAGS=''
FFMPEG_LIBS=''
FGREP='/bin/grep -F'
FS_MAX_CHANNELS='6'
FUSIONSOUND_BINARY_AGE='0'
FUSIONSOUND_INTERFACE_AGE='0'
FUSIONSOUND_MAJOR_VERSION='1'
FUSIONSOUND_MICRO_VERSION='1'
FUSIONSOUND_MINOR_VERSION='1'
FUSIONSOUND_VERSION='1.1.1'
FUSION_CFLAGS='-D_REENTRANT -I/usr/local/include/directfb'
FUSION_LIBS='-L/usr/local/lib -lfusion -ldirect -lpthread'
GREP='/bin/grep'
HAVE_LITE_FALSE=''
HAVE_LITE_TRUE='#'
INCLUDEDIR='${prefix}/include/fusionsound'
INSTALL_DATA='${INSTALL} -m 644'
INSTALL_PROGRAM='${INSTALL}'
INSTALL_SCRIPT='${INSTALL}'
INSTALL_STRIP_PROGRAM='$(install_sh) -c -s'
INTERNALINCLUDEDIR='${prefix}/include/fusionsound-internal'
LD='/usr/bin/ld -m elf_x86_64'
LDFLAGS=''
LIBOBJS=''
LIBS=''
LIBTOOL='$(SHELL) $(top_builddir)/libtool'
LIPO=''
LITE_CFLAGS=''
LITE_LIBS=''
LN_S='ln -s'
LTLIBOBJS=''
LT_AGE='0'
LT_CURRENT='1'
LT_RELEASE='1.1'
LT_REVISION='0'
LT_SYS_LIBRARY_PATH=''
MAD_LIBS=''
MAINT=''
MAINTAINER_MODE_FALSE='#'
MAINTAINER_MODE_TRUE=''
MAKEINFO='makeinfo'
MANIFEST_TOOL=':'
MKDIR_P='/bin/mkdir -p'
MODULEDIR='${exec_prefix}/lib/directfb-1.4-5'
NM='/usr/bin/nm -B'
NMEDIT=''
OBJDUMP='objdump'
OBJEXT='o'
OTOOL64=''
OTOOL=''
PACKAGE='FusionSound'
PACKAGE_BUGREPORT=''
PACKAGE_NAME=''
PACKAGE_STRING=''
PACKAGE_TARNAME=''
PACKAGE_URL=''
PACKAGE_VERSION=''
PATH_SEPARATOR=':'
PKG_CONFIG='/usr/bin/pkg-config'
RANLIB='ranlib'
SED='/bin/sed'
SET_MAKE=''
SHELL='/bin/bash'
STRIP='strip'
SYSCONFDIR='/usr/local/etc'
TIMIDITY_CFLAGS=''
TIMIDITY_LIBS=''
VERSION='1.1.1'
VOODOO_CFLAGS=''
VOODOO_LIBS=''
VORBISFILE_CFLAGS=''
VORBISFILE_LIBS=''
ac_ct_AR='ar'
ac_ct_CC='gcc'
ac_ct_DUMPBIN=''
am__EXEEXT_FALSE=''
am__EXEEXT_TRUE='#'
am__fastdepCC_FALSE='#'
am__fastdepCC_TRUE=''
am__include='include'
am__isrc=''
am__leading_dot='.'
am__nodep='_no'
am__quote=''
am__tar='$${TAR-tar} chof - "$$tardir"'
am__untar='$${TAR-tar} xf -'
bindir='${exec_prefix}/bin'
build='x86_64-unknown-linux-gnu'
build_alias=''
build_cpu='x86_64'
build_os='linux-gnu'
build_vendor='unknown'
datadir='${datarootdir}'
datarootdir='${prefix}/share'
docdir='${datarootdir}/doc/${PACKAGE}'
dvidir='${docdir}'
exec_prefix='${prefix}'
host='x86_64-unknown-linux-gnu'
host_alias=''
host_cpu='x86_64'
host_os='linux-gnu'
host_vendor='unknown'
htmldir='${docdir}'
includedir='${prefix}/include'
infodir='${datarootdir}/info'
install_sh='${SHELL} /home/autobuilder/test/FusionSound-1.1.1/install-sh'
libdir='${exec_prefix}/lib'
libexecdir='${exec_prefix}/libexec'
localedir='${datarootdir}/locale'
localstatedir='${prefix}/var'
mandir='${datarootdir}/man'
mkdir_p='$(MKDIR_P)'
oldincludedir='/usr/include'
pdfdir='${docdir}'
prefix='/usr/local'
program_transform_name='s,x,x,'
psdir='${docdir}'
runstatedir='${localstatedir}/run'
sbindir='${exec_prefix}/sbin'
sharedstatedir='${prefix}/com'
sysconfdir='${prefix}/etc'
target_alias=''

## ----------- ##
## confdefs.h. ##
## ----------- ##

/* confdefs.h */
#define PACKAGE_NAME ""
#define PACKAGE_TARNAME ""
#define PACKAGE_VERSION ""
#define PACKAGE_STRING ""
#define PACKAGE_BUGREPORT ""
#define PACKAGE_URL ""
#define FUSIONSOUND_VERSION "1.1.1"
#define STDC_HEADERS 1
#define HAVE_SYS_TYPES_H 1
#define HAVE_SYS_STAT_H 1
#define HAVE_STDLIB_H 1
#define HAVE_STRING_H 1
#define HAVE_MEMORY_H 1
#define HAVE_STRINGS_H 1
#define HAVE_INTTYPES_H 1
#define HAVE_STDINT_H 1
#define HAVE_UNISTD_H 1
#define HAVE_DLFCN_H 1
#define LT_OBJDIR ".libs/"
#define STDC_HEADERS 1
#define SIZEOF_LONG 8
#define HAVE_STDBOOL_H 1
#define ARCH_X86_64 1
#define HAVE_PTHREAD_MUTEX_TIMEDLOCK 1
#define FS_ENABLE_PRECISION 1
#define FS_ENABLE_LINEAR_FILTER 1

configure: exit 0
